e:\2026-febmar-bosch\sessioncodes\day01\day01\x64\debug\vc143.pdb
e:\2026-febmar-bosch\sessioncodes\day01\day01\x64\debug\vc143.idb
e:\2026-febmar-bosch\sessioncodes\day01\day01\x64\debug\main.obj
e:\2026-febmar-bosch\sessioncodes\day01\day01\x64\debug\source1.obj
e:\2026-febmar-bosch\sessioncodes\day01\day01\x64\debug\banking.obj
e:\2026-febmar-bosch\sessioncodes\day01\day01\x64\debug\classex1.obj
e:\2026-febmar-bosch\sessioncodes\day01\x64\debug\day01.exe
e:\2026-febmar-bosch\sessioncodes\day01\x64\debug\day01.pdb
e:\2026-febmar-bosch\sessioncodes\day01\day01\x64\debug\day01.ilk
e:\2026-febmar-bosch\sessioncodes\day01\day01\x64\debug\source.obj
e:\2026-febmar-bosch\sessioncodes\day01\day01\x64\debug\day01.tlog\cl.command.1.tlog
e:\2026-febmar-bosch\sessioncodes\day01\day01\x64\debug\day01.tlog\cl.items.tlog
e:\2026-febmar-bosch\sessioncodes\day01\day01\x64\debug\day01.tlog\cl.read.1.tlog
e:\2026-febmar-bosch\sessioncodes\day01\day01\x64\debug\day01.tlog\cl.write.1.tlog
e:\2026-febmar-bosch\sessioncodes\day01\day01\x64\debug\day01.tlog\link.25144-cvtres.read.1.tlog
e:\2026-febmar-bosch\sessioncodes\day01\day01\x64\debug\day01.tlog\link.25144-cvtres.write.1.tlog
e:\2026-febmar-bosch\sessioncodes\day01\day01\x64\debug\day01.tlog\link.25144-rc.read.1.tlog
e:\2026-febmar-bosch\sessioncodes\day01\day01\x64\debug\day01.tlog\link.25144-rc.write.1.tlog
e:\2026-febmar-bosch\sessioncodes\day01\day01\x64\debug\day01.tlog\link.25144.read.1.tlog
e:\2026-febmar-bosch\sessioncodes\day01\day01\x64\debug\day01.tlog\link.25144.read.2.tlog
e:\2026-febmar-bosch\sessioncodes\day01\day01\x64\debug\day01.tlog\link.25144.read.3.tlog
e:\2026-febmar-bosch\sessioncodes\day01\day01\x64\debug\day01.tlog\link.25144.read.4.tlog
e:\2026-febmar-bosch\sessioncodes\day01\day01\x64\debug\day01.tlog\link.25144.write.1.tlog
e:\2026-febmar-bosch\sessioncodes\day01\day01\x64\debug\day01.tlog\link.command.1.tlog
e:\2026-febmar-bosch\sessioncodes\day01\day01\x64\debug\day01.tlog\link.read.1.tlog
e:\2026-febmar-bosch\sessioncodes\day01\day01\x64\debug\day01.tlog\link.secondary.1.tlog
e:\2026-febmar-bosch\sessioncodes\day01\day01\x64\debug\day01.tlog\link.write.1.tlog
